2010-01-30 17:57:24.173905 [info] =============================================================
2010-01-30 17:57:24.174374 [info] stopping [node_spec_agent]
2010-01-30 17:57:30.80900 [info] =============================================================
2010-01-30 17:57:30.81227 [info] stopping [node_spec_agent]
2010-01-30 17:57:38.648824 [info] =============================================================
2010-01-30 17:57:38.649138 [info] starting [node_spec_agent] with Pid=[<0.163.0>]
2010-01-30 17:57:40.880762 [info] =============================================================
2010-01-30 17:57:40.881070 [info] stopping [node_spec_agent]
2010-01-30 17:58:21.608958 [info] =============================================================
2010-01-30 17:58:21.609304 [info] starting [node_spec_agent] with Pid=[<0.173.0>]
2010-01-30 17:58:25.122109 [warn] received UNKNOWN message [help]
2010-01-30 17:58:56.449299 [info] =============================================================
2010-01-30 17:58:56.449672 [info] starting [node_spec_agent] with Pid=[<0.187.0>]
2010-01-30 17:58:59.329056 [warn] received UNKNOWN message [help]
2010-01-30 17:59:45.688894 [info] =============================================================
2010-01-30 17:59:45.689212 [info] starting [node_spec_agent] with Pid=[<0.199.0>]
2010-01-30 17:59:54.224942 [warn] received UNKNOWN message [help]
2010-01-30 17:59:59.577103 [warn] received UNKNOWN message [help]
2010-01-30 18:00:34.537139 [info] =============================================================
2010-01-30 18:00:34.537460 [info] starting [node_spec_agent] with Pid=[<0.214.0>]
2010-01-30 18:00:40.290450 [warn] received UNKNOWN message [help]
2010-01-30 18:00:42.528996 [info] stopping [node_spec_agent]
2010-01-30 18:00:42.529553 [info] =============================================================
2010-01-30 18:01:50.924881 [info] =============================================================
2010-01-30 18:01:50.925213 [info] starting [node_spec_agent] with Pid=[<0.220.0>]
2010-01-30 18:01:55.292951 [info] stopping [node_spec_agent]
2010-01-30 18:01:55.293789 [info] =============================================================
2010-01-30 22:30:43.933772 [warn] received UNKNOWN message [hello]
2010-01-30 22:39:21.647817 [warn] received UNKNOWN message [{<0.445.0>,get_cluster_names}]
2010-01-30 22:39:33.183024 [warn] received UNKNOWN message [test]
2010-02-01 11:43:28.240055 [info] =============================================================
2010-02-01 11:43:28.258186 [info] starting [node_spec_agent] with Pid=[<0.93.0>]
2010-02-01 11:43:50.389759 [info] stopping [node_spec_agent]
2010-02-01 11:43:50.390053 [info] =============================================================
2010-02-01 11:43:50.390365 [info] stopping [node_spec_agent]
2010-02-01 11:43:50.390974 [info] =============================================================
2010-02-01 11:45:02.14221 [info] =============================================================
2010-02-01 11:45:02.14540 [info] starting [node_spec_agent] with Pid=[<0.104.0>]
2010-02-01 11:45:03.878366 [info] stopping [node_spec_agent]
2010-02-01 11:45:03.878673 [info] =============================================================
2010-02-01 11:45:23.222195 [info] =============================================================
2010-02-01 11:45:23.222508 [info] starting [node_spec_agent] with Pid=[<0.107.0>]
2010-02-01 11:45:48.622371 [info] stopping [node_spec_agent]
2010-02-01 11:45:48.622645 [info] =============================================================
