[debug] 2010-01-29T14:14:01.466286Z Fun = [#Fun<test1.2.22749965>] Data = [0] Transformed Data = [0]
[debug] 2010-01-29T14:14:01.466741Z Fun = [#Fun<test1.3.59133159>] Data = [11] Transformed Data = [33]
[debug] 2010-01-29T14:14:01.467609Z Fun = [#Fun<test1.2.22749965>] Data = [1] Transformed Data = [3]
[debug] 2010-01-29T14:14:01.468300Z in_mem_bucket (put_stream) Received=[0] Pid=[<0.454.0>]
[debug] 2010-01-29T14:14:01.468861Z Fun = [#Fun<test1.3.59133159>] Data = [12] Transformed Data = [36]
[debug] 2010-01-29T14:14:01.469123Z in_mem_bucket (put_stream) Received=[33] Pid=[<0.455.0>]
[debug] 2010-01-29T14:14:01.469638Z Fun = [#Fun<test1.2.22749965>] Data = [2] Transformed Data = [6]
[debug] 2010-01-29T14:14:01.469895Z Fun = [#Fun<test1.3.59133159>] Data = [13] Transformed Data = [39]
[debug] 2010-01-29T14:14:01.470452Z in_mem_bucket (put_stream) Received=[36] Pid=[<0.454.0>]
[debug] 2010-01-29T14:14:01.471037Z in_mem_bucket (put_stream) Received=[3] Pid=[<0.455.0>]
[debug] 2010-01-29T14:14:01.471354Z Fun = [#Fun<test1.2.22749965>] Data = [3] Transformed Data = [9]
[debug] 2010-01-29T14:14:01.471621Z Fun = [#Fun<test1.3.59133159>] Data = [14] Transformed Data = [42]
[debug] 2010-01-29T14:14:01.472183Z in_mem_bucket (put_stream) Received=[6] Pid=[<0.454.0>]
[debug] 2010-01-29T14:14:01.472684Z in_mem_bucket (put_stream) Received=[39] Pid=[<0.455.0>]
[debug] 2010-01-29T14:14:01.472897Z Fun = [#Fun<test1.2.22749965>] Data = [4] Transformed Data = [12]
[debug] 2010-01-29T14:14:01.473123Z Fun = [#Fun<test1.3.59133159>] Data = [15] Transformed Data = [45]
[debug] 2010-01-29T14:14:01.473664Z in_mem_bucket (put_stream) Received=[42] Pid=[<0.454.0>]
[debug] 2010-01-29T14:14:01.474167Z in_mem_bucket (put_stream) Received=[9] Pid=[<0.455.0>]
[debug] 2010-01-29T14:14:01.474388Z Fun = [#Fun<test1.2.22749965>] Data = [5] Transformed Data = [15]
[debug] 2010-01-29T14:14:01.474618Z Fun = [#Fun<test1.3.59133159>] Data = [16] Transformed Data = [48]
[debug] 2010-01-29T14:14:01.475396Z in_mem_bucket (put_stream) Received=[12] Pid=[<0.454.0>]
[debug] 2010-01-29T14:14:01.475874Z in_mem_bucket (put_stream) Received=[45] Pid=[<0.455.0>]
[debug] 2010-01-29T14:14:01.476348Z Fun = [#Fun<test1.2.22749965>] Data = [6] Transformed Data = [18]
[debug] 2010-01-29T14:14:01.477103Z Fun = [#Fun<test1.3.59133159>] Data = [17] Transformed Data = [51]
[debug] 2010-01-29T14:14:01.477433Z in_mem_bucket (put_stream) Received=[48] Pid=[<0.454.0>]
[debug] 2010-01-29T14:14:01.478118Z in_mem_bucket (put_stream) Received=[15] Pid=[<0.455.0>]
[debug] 2010-01-29T14:14:01.478305Z Fun = [#Fun<test1.2.22749965>] Data = [7] Transformed Data = [21]
[debug] 2010-01-29T14:14:01.478542Z Fun = [#Fun<test1.3.59133159>] Data = [18] Transformed Data = [54]
[debug] 2010-01-29T14:14:01.479021Z in_mem_bucket (put_stream) Received=[18] Pid=[<0.454.0>]
[debug] 2010-01-29T14:14:01.479454Z in_mem_bucket (put_stream) Received=[51] Pid=[<0.455.0>]
[debug] 2010-01-29T14:14:01.479669Z Fun = [#Fun<test1.2.22749965>] Data = [8] Transformed Data = [24]
[debug] 2010-01-29T14:14:01.479866Z Fun = [#Fun<test1.3.59133159>] Data = [19] Transformed Data = [57]
[debug] 2010-01-29T14:14:01.480169Z in_mem_bucket (put_stream) Received=[54] Pid=[<0.454.0>]
[debug] 2010-01-29T14:14:01.480598Z in_mem_bucket (put_stream) Received=[21] Pid=[<0.455.0>]
[debug] 2010-01-29T14:14:01.480781Z Fun = [#Fun<test1.2.22749965>] Data = [9] Transformed Data = [27]
[debug] 2010-01-29T14:14:01.480966Z Fun = [#Fun<test1.3.59133159>] Data = [20] Transformed Data = [60]
[debug] 2010-01-29T14:14:01.481383Z in_mem_bucket (put_stream) Received=[24] Pid=[<0.454.0>]
[debug] 2010-01-29T14:14:01.481800Z in_mem_bucket (put_stream) Received=[57] Pid=[<0.455.0>]
[debug] 2010-01-29T14:14:01.481988Z Fun = [#Fun<test1.2.22749965>] Data = [10] Transformed Data = [30]
[info] 2010-01-29T14:14:01.482159Z Done Worker. Pid=[<0.463.0>]
[debug] 2010-01-29T14:14:01.482545Z in_mem_bucket (put_stream) Received=[60] Pid=[<0.454.0>]
[debug] 2010-01-29T14:14:01.482736Z in_mem_bucket (put_stream) Received=[27] Pid=[<0.455.0>]
[info] 2010-01-29T14:14:01.482903Z Done Worker. Pid=[<0.462.0>]
[debug] 2010-01-29T14:14:01.483095Z in_mem_bucket (put_stream) Received=[30] Pid=[<0.454.0>]
[info] 2010-01-29T14:14:01.483290Z Done Worker Head. Pid=[<0.457.0>]
[debug] 2010-01-29T14:14:01.483517Z Data=[[0,36,6,42,12,48,18,54,24,60,30]] from BUCKET=[<0.454.0>]
[debug] 2010-01-29T14:14:01.483684Z Data=[[33,3,39,9,45,15,51,21,57,27]] from BUCKET=[<0.455.0>]
[debug] 2010-01-29T14:14:01.483906Z in_mem_bucket (put_bulk) Received=[[1,37,7,43,13,49,19,55,25,61,31]] Pid=[<0.454.0>]
[info] 2010-01-29T14:14:01.484128Z Done Op Trf. Pid=[<0.468.0>]
[debug] 2010-01-29T14:14:01.484285Z in_mem_bucket (put_bulk) Received=[[34,4,40,10,46,16,52,22,58,28]] Pid=[<0.455.0>]
[info] 2010-01-29T14:14:01.484494Z Done Op Trf. Pid=[<0.469.0>]
[info] 2010-01-29T14:14:01.484685Z Done Output Transformer Head. Pid=[<0.464.0>]
[debug] 2010-01-29T14:14:01.484918Z Data=[[31,61,25,55,19,49,13,43,7,37,1]] from BUCKET=[<0.454.0>]
[debug] 2010-01-29T14:14:01.485094Z Data=[[28,58,22,52,16,46,10,40,4,34]] from BUCKET=[<0.455.0>]
[debug] 2010-01-29T14:14:01.485296Z in_mem_bucket (put_bulk) Received=[[33,63,27,57,21,51,15,45,9,39,3]] Pid=[<0.454.0>]
[info] 2010-01-29T14:14:01.485497Z Done Op Trf. Pid=[<0.474.0>]
[debug] 2010-01-29T14:14:01.485646Z in_mem_bucket (put_bulk) Received=[[30,60,24,54,18,48,12,42,6,36]] Pid=[<0.455.0>]
[info] 2010-01-29T14:14:01.485829Z Done Op Trf. Pid=[<0.475.0>]
[info] 2010-01-29T14:14:01.486054Z Done Output Transformer Head. Pid=[<0.470.0>]
[info] 2010-01-29T14:14:01.486412Z Done Sender Pid=[<0.480.0>]
[info] 2010-01-29T14:14:01.489144Z Done Sender Pid=[<0.481.0>]
[info] 2010-01-29T14:14:01.489349Z Done Sender Head. Pid=[<0.476.0>]
[info] 2010-01-29T14:14:01.489531Z Done ErlDhoC Worker. Pid=[<0.456.0>]
[info] 2010-01-29T14:26:41.821466Z Validation Successful Args=[test1 | [#Fun<test1.2.22749965>,#Fun<test1.3.59133159>] | worker | sprayer | [opTrf1,opTrf2] | [<0.482.0>,<0.483.0>] | {in_memory,bulk,2}]
[debug] 2010-01-29T14:26:41.822782Z Fun = [#Fun<test1.2.22749965>] Data = [0] Transformed Data = [0]
[debug] 2010-01-29T14:26:41.823236Z Fun = [#Fun<test1.3.59133159>] Data = [11] Transformed Data = [33]
[debug] 2010-01-29T14:26:41.824040Z Fun = [#Fun<test1.2.22749965>] Data = [1] Transformed Data = [3]
[debug] 2010-01-29T14:26:41.824564Z Fun = [#Fun<test1.3.59133159>] Data = [12] Transformed Data = [36]
[debug] 2010-01-29T14:26:41.824912Z Fun = [#Fun<test1.2.22749965>] Data = [2] Transformed Data = [6]
[debug] 2010-01-29T14:26:41.826069Z in_mem_bucket (put_stream) Received=[0] Pid=[<0.486.0>]
[debug] 2010-01-29T14:26:41.826495Z in_mem_bucket (put_stream) Received=[33] Pid=[<0.487.0>]
[debug] 2010-01-29T14:26:41.826775Z Fun = [#Fun<test1.3.59133159>] Data = [13] Transformed Data = [39]
[debug] 2010-01-29T14:26:41.827066Z Fun = [#Fun<test1.2.22749965>] Data = [3] Transformed Data = [9]
[debug] 2010-01-29T14:26:41.827487Z in_mem_bucket (put_stream) Received=[36] Pid=[<0.486.0>]
[debug] 2010-01-29T14:26:41.827954Z in_mem_bucket (put_stream) Received=[3] Pid=[<0.487.0>]
[debug] 2010-01-29T14:26:41.828514Z Fun = [#Fun<test1.3.59133159>] Data = [14] Transformed Data = [42]
[debug] 2010-01-29T14:26:41.828814Z Fun = [#Fun<test1.2.22749965>] Data = [4] Transformed Data = [12]
[debug] 2010-01-29T14:26:41.829313Z in_mem_bucket (put_stream) Received=[6] Pid=[<0.486.0>]
[debug] 2010-01-29T14:26:41.829937Z in_mem_bucket (put_stream) Received=[39] Pid=[<0.487.0>]
[debug] 2010-01-29T14:26:41.830229Z Fun = [#Fun<test1.3.59133159>] Data = [15] Transformed Data = [45]
[debug] 2010-01-29T14:26:41.830532Z Fun = [#Fun<test1.2.22749965>] Data = [5] Transformed Data = [15]
[debug] 2010-01-29T14:26:41.831133Z in_mem_bucket (put_stream) Received=[42] Pid=[<0.486.0>]
[debug] 2010-01-29T14:26:41.831759Z in_mem_bucket (put_stream) Received=[9] Pid=[<0.487.0>]
[debug] 2010-01-29T14:26:41.832044Z Fun = [#Fun<test1.3.59133159>] Data = [16] Transformed Data = [48]
[debug] 2010-01-29T14:26:41.832329Z Fun = [#Fun<test1.2.22749965>] Data = [6] Transformed Data = [18]
[debug] 2010-01-29T14:26:41.832926Z in_mem_bucket (put_stream) Received=[12] Pid=[<0.486.0>]
[debug] 2010-01-29T14:26:41.833494Z in_mem_bucket (put_stream) Received=[45] Pid=[<0.487.0>]
[debug] 2010-01-29T14:26:41.833785Z Fun = [#Fun<test1.3.59133159>] Data = [17] Transformed Data = [51]
[debug] 2010-01-29T14:26:41.834053Z Fun = [#Fun<test1.2.22749965>] Data = [7] Transformed Data = [21]
[debug] 2010-01-29T14:26:41.834694Z in_mem_bucket (put_stream) Received=[48] Pid=[<0.486.0>]
[debug] 2010-01-29T14:26:41.835297Z in_mem_bucket (put_stream) Received=[15] Pid=[<0.487.0>]
[debug] 2010-01-29T14:26:41.835576Z Fun = [#Fun<test1.3.59133159>] Data = [18] Transformed Data = [54]
[debug] 2010-01-29T14:26:41.835881Z Fun = [#Fun<test1.2.22749965>] Data = [8] Transformed Data = [24]
[debug] 2010-01-29T14:26:41.836479Z in_mem_bucket (put_stream) Received=[18] Pid=[<0.486.0>]
[debug] 2010-01-29T14:26:41.838273Z in_mem_bucket (put_stream) Received=[51] Pid=[<0.487.0>]
[debug] 2010-01-29T14:26:41.838679Z Fun = [#Fun<test1.3.59133159>] Data = [19] Transformed Data = [57]
[debug] 2010-01-29T14:26:41.839122Z Fun = [#Fun<test1.2.22749965>] Data = [9] Transformed Data = [27]
[debug] 2010-01-29T14:26:41.839962Z in_mem_bucket (put_stream) Received=[54] Pid=[<0.486.0>]
[debug] 2010-01-29T14:26:41.840538Z in_mem_bucket (put_stream) Received=[21] Pid=[<0.487.0>]
[debug] 2010-01-29T14:26:41.840838Z Fun = [#Fun<test1.3.59133159>] Data = [20] Transformed Data = [60]
[debug] 2010-01-29T14:26:41.841098Z Fun = [#Fun<test1.2.22749965>] Data = [10] Transformed Data = [30]
[debug] 2010-01-29T14:26:41.841847Z in_mem_bucket (put_stream) Received=[24] Pid=[<0.486.0>]
[debug] 2010-01-29T14:26:41.842228Z in_mem_bucket (put_stream) Received=[57] Pid=[<0.487.0>]
[info] 2010-01-29T14:26:41.842467Z Done Worker. Pid=[<0.495.0>]
[info] 2010-01-29T14:26:41.842712Z Done Worker. Pid=[<0.494.0>]
[debug] 2010-01-29T14:26:41.842946Z in_mem_bucket (put_stream) Received=[60] Pid=[<0.486.0>]
[debug] 2010-01-29T14:26:41.843200Z in_mem_bucket (put_stream) Received=[27] Pid=[<0.487.0>]
[info] 2010-01-29T14:26:41.843450Z Done Worker Head. Pid=[<0.489.0>]
[debug] 2010-01-29T14:26:41.843662Z in_mem_bucket (put_stream) Received=[30] Pid=[<0.486.0>]
[debug] 2010-01-29T14:26:41.843919Z Data=[[33,3,39,9,45,15,51,21,57,27]] from BUCKET=[<0.487.0>]
[debug] 2010-01-29T14:26:41.844159Z Data=[[0,36,6,42,12,48,18,54,24,60,30]] from BUCKET=[<0.486.0>]
[debug] 2010-01-29T14:26:41.844376Z in_mem_bucket (put_bulk) Received=[[34,4,40,10,46,16,52,22,58,28]] Pid=[<0.487.0>]
[info] 2010-01-29T14:26:41.844606Z Done Op Trf. Pid=[<0.501.0>]
[debug] 2010-01-29T14:26:41.844827Z in_mem_bucket (put_bulk) Received=[[1,37,7,43,13,49,19,55,25,61,31]] Pid=[<0.486.0>]
[info] 2010-01-29T14:26:41.845069Z Done Op Trf. Pid=[<0.500.0>]
[info] 2010-01-29T14:26:41.845322Z Done Output Transformer Head. Pid=[<0.496.0>]
[debug] 2010-01-29T14:26:41.845626Z Data=[[31,61,25,55,19,49,13,43,7,37,1]] from BUCKET=[<0.486.0>]
[debug] 2010-01-29T14:26:41.845905Z Data=[[28,58,22,52,16,46,10,40,4,34]] from BUCKET=[<0.487.0>]
[debug] 2010-01-29T14:26:41.846123Z in_mem_bucket (put_bulk) Received=[[33,63,27,57,21,51,15,45,9,39,3]] Pid=[<0.486.0>]
[info] 2010-01-29T14:26:41.846328Z Done Op Trf. Pid=[<0.506.0>]
[debug] 2010-01-29T14:26:41.846490Z in_mem_bucket (put_bulk) Received=[[30,60,24,54,18,48,12,42,6,36]] Pid=[<0.487.0>]
[info] 2010-01-29T14:26:41.846674Z Done Op Trf. Pid=[<0.507.0>]
[info] 2010-01-29T14:26:41.846875Z Done Output Transformer Head. Pid=[<0.502.0>]
[info] 2010-01-29T14:26:41.847205Z Done Sender Pid=[<0.512.0>]
[info] 2010-01-29T14:26:41.847516Z Done Sender Pid=[<0.513.0>]
[info] 2010-01-29T14:26:41.847717Z Done Sender Head. Pid=[<0.508.0>]
[info] 2010-01-29T14:26:41.847902Z Done ErlDhoC Worker. Pid=[<0.488.0>]
[info] 2010-01-29T16:39:27.461382Z Validation Successful Args=[test1 | [#Fun<test1.2.22749965>,#Fun<test1.3.59133159>] | worker | sprayer | [opTrf1,opTrf2] | [<0.514.0>,<0.515.0>] | {in_memory,bulk,2}]
[debug] 2010-01-29T16:39:27.462703Z Fun = [#Fun<test1.2.22749965>] Data = [0] Transformed Data = [0]
[debug] 2010-01-29T16:39:27.463321Z Fun = [#Fun<test1.3.59133159>] Data = [11] Transformed Data = [33]
[debug] 2010-01-29T16:39:27.464051Z Fun = [#Fun<test1.2.22749965>] Data = [1] Transformed Data = [3]
[debug] 2010-01-29T16:39:27.464720Z in_mem_bucket (put_stream) Received=[0] Pid=[<0.518.0>]
[debug] 2010-01-29T16:39:27.465378Z Fun = [#Fun<test1.3.59133159>] Data = [12] Transformed Data = [36]
[debug] 2010-01-29T16:39:27.465662Z in_mem_bucket (put_stream) Received=[33] Pid=[<0.519.0>]
[debug] 2010-01-29T16:39:27.466325Z Fun = [#Fun<test1.2.22749965>] Data = [2] Transformed Data = [6]
[debug] 2010-01-29T16:39:27.466621Z Fun = [#Fun<test1.3.59133159>] Data = [13] Transformed Data = [39]
[debug] 2010-01-29T16:39:27.467382Z in_mem_bucket (put_stream) Received=[36] Pid=[<0.518.0>]
[debug] 2010-01-29T16:39:27.467969Z in_mem_bucket (put_stream) Received=[3] Pid=[<0.519.0>]
[debug] 2010-01-29T16:39:27.468241Z Fun = [#Fun<test1.2.22749965>] Data = [3] Transformed Data = [9]
[debug] 2010-01-29T16:39:27.468740Z Fun = [#Fun<test1.3.59133159>] Data = [14] Transformed Data = [42]
[debug] 2010-01-29T16:39:27.469096Z in_mem_bucket (put_stream) Received=[6] Pid=[<0.518.0>]
[debug] 2010-01-29T16:39:27.469524Z in_mem_bucket (put_stream) Received=[39] Pid=[<0.519.0>]
[debug] 2010-01-29T16:39:27.469999Z Fun = [#Fun<test1.2.22749965>] Data = [4] Transformed Data = [12]
[debug] 2010-01-29T16:39:27.470220Z Fun = [#Fun<test1.3.59133159>] Data = [15] Transformed Data = [45]
[debug] 2010-01-29T16:39:27.470581Z in_mem_bucket (put_stream) Received=[42] Pid=[<0.518.0>]
[debug] 2010-01-29T16:39:27.470980Z in_mem_bucket (put_stream) Received=[9] Pid=[<0.519.0>]
[debug] 2010-01-29T16:39:27.471232Z Fun = [#Fun<test1.2.22749965>] Data = [5] Transformed Data = [15]
[debug] 2010-01-29T16:39:27.471501Z Fun = [#Fun<test1.3.59133159>] Data = [16] Transformed Data = [48]
[debug] 2010-01-29T16:39:27.471848Z in_mem_bucket (put_stream) Received=[12] Pid=[<0.518.0>]
[debug] 2010-01-29T16:39:27.472176Z in_mem_bucket (put_stream) Received=[45] Pid=[<0.519.0>]
[debug] 2010-01-29T16:39:27.472398Z Fun = [#Fun<test1.2.22749965>] Data = [6] Transformed Data = [18]
[debug] 2010-01-29T16:39:27.472622Z Fun = [#Fun<test1.3.59133159>] Data = [17] Transformed Data = [51]
[debug] 2010-01-29T16:39:27.473103Z in_mem_bucket (put_stream) Received=[48] Pid=[<0.518.0>]
[debug] 2010-01-29T16:39:27.473367Z in_mem_bucket (put_stream) Received=[15] Pid=[<0.519.0>]
[debug] 2010-01-29T16:39:27.473549Z Fun = [#Fun<test1.2.22749965>] Data = [7] Transformed Data = [21]
[debug] 2010-01-29T16:39:27.473735Z Fun = [#Fun<test1.3.59133159>] Data = [18] Transformed Data = [54]
[debug] 2010-01-29T16:39:27.474013Z in_mem_bucket (put_stream) Received=[18] Pid=[<0.518.0>]
[debug] 2010-01-29T16:39:27.474292Z in_mem_bucket (put_stream) Received=[51] Pid=[<0.519.0>]
[debug] 2010-01-29T16:39:27.474503Z Fun = [#Fun<test1.2.22749965>] Data = [8] Transformed Data = [24]
[debug] 2010-01-29T16:39:27.474696Z Fun = [#Fun<test1.3.59133159>] Data = [19] Transformed Data = [57]
[debug] 2010-01-29T16:39:27.475036Z in_mem_bucket (put_stream) Received=[54] Pid=[<0.518.0>]
[debug] 2010-01-29T16:39:27.475310Z in_mem_bucket (put_stream) Received=[21] Pid=[<0.519.0>]
[debug] 2010-01-29T16:39:27.475496Z Fun = [#Fun<test1.2.22749965>] Data = [9] Transformed Data = [27]
[debug] 2010-01-29T16:39:27.475694Z Fun = [#Fun<test1.3.59133159>] Data = [20] Transformed Data = [60]
[debug] 2010-01-29T16:39:27.475970Z in_mem_bucket (put_stream) Received=[24] Pid=[<0.518.0>]
[debug] 2010-01-29T16:39:27.476247Z in_mem_bucket (put_stream) Received=[57] Pid=[<0.519.0>]
[debug] 2010-01-29T16:39:27.476421Z Fun = [#Fun<test1.2.22749965>] Data = [10] Transformed Data = [30]
[info] 2010-01-29T16:39:27.476605Z Done Worker. Pid=[<0.526.0>]
[debug] 2010-01-29T16:39:27.476867Z in_mem_bucket (put_stream) Received=[60] Pid=[<0.518.0>]
[debug] 2010-01-29T16:39:27.477059Z in_mem_bucket (put_stream) Received=[27] Pid=[<0.519.0>]
[info] 2010-01-29T16:39:27.477242Z Done Worker. Pid=[<0.525.0>]
[debug] 2010-01-29T16:39:27.477411Z in_mem_bucket (put_stream) Received=[30] Pid=[<0.518.0>]
[info] 2010-01-29T16:39:27.477582Z Done Worker Head. Pid=[<0.521.0>]
[debug] 2010-01-29T16:39:27.477913Z Data=[[0,36,6,42,12,48,18,54,24,60,30]] from BUCKET=[<0.518.0>]
[debug] 2010-01-29T16:39:27.478092Z Data=[[33,3,39,9,45,15,51,21,57,27]] from BUCKET=[<0.519.0>]
[debug] 2010-01-29T16:39:27.478272Z in_mem_bucket (put_bulk) Received=[[1,37,7,43,13,49,19,55,25,61,31]] Pid=[<0.518.0>]
[info] 2010-01-29T16:39:27.478504Z Done Op Trf. Pid=[<0.532.0>]
[debug] 2010-01-29T16:39:27.478680Z in_mem_bucket (put_bulk) Received=[[34,4,40,10,46,16,52,22,58,28]] Pid=[<0.519.0>]
[info] 2010-01-29T16:39:27.478873Z Done Op Trf. Pid=[<0.533.0>]
[info] 2010-01-29T16:39:27.479094Z Done Output Transformer Head. Pid=[<0.528.0>]
[debug] 2010-01-29T16:39:27.479352Z Data=[[31,61,25,55,19,49,13,43,7,37,1]] from BUCKET=[<0.518.0>]
[debug] 2010-01-29T16:39:27.479542Z Data=[[28,58,22,52,16,46,10,40,4,34]] from BUCKET=[<0.519.0>]
[debug] 2010-01-29T16:39:27.479729Z in_mem_bucket (put_bulk) Received=[[33,63,27,57,21,51,15,45,9,39,3]] Pid=[<0.518.0>]
[info] 2010-01-29T16:39:27.479919Z Done Op Trf. Pid=[<0.538.0>]
[debug] 2010-01-29T16:39:27.480090Z in_mem_bucket (put_bulk) Received=[[30,60,24,54,18,48,12,42,6,36]] Pid=[<0.519.0>]
[info] 2010-01-29T16:39:27.480272Z Done Op Trf. Pid=[<0.539.0>]
[info] 2010-01-29T16:39:27.480486Z Done Output Transformer Head. Pid=[<0.534.0>]
[info] 2010-01-29T16:39:27.480816Z Done Sender Pid=[<0.544.0>]
[info] 2010-01-29T16:39:27.481481Z Done Sender Pid=[<0.545.0>]
[info] 2010-01-29T16:39:27.481695Z Done Sender Head. Pid=[<0.540.0>]
[info] 2010-01-29T16:39:27.481885Z Done ErlDhoC Worker. Pid=[<0.520.0>]
[info] 2010-01-29T16:39:54.13164Z Validation Successful Args=[test1 | [#Fun<test1.2.22749965>,#Fun<test1.3.59133159>] | worker | sprayer | [opTrf1,opTrf2] | [<0.547.0>,<0.548.0>] | {in_memory,bulk,2}]
[debug] 2010-01-29T16:39:54.14353Z Fun = [#Fun<test1.2.22749965>] Data = [0] Transformed Data = [0]
[debug] 2010-01-29T16:39:54.14659Z Fun = [#Fun<test1.3.59133159>] Data = [11] Transformed Data = [33]
[debug] 2010-01-29T16:39:54.15125Z Fun = [#Fun<test1.2.22749965>] Data = [1] Transformed Data = [3]
[debug] 2010-01-29T16:39:54.15541Z in_mem_bucket (put_stream) Received=[0] Pid=[<0.551.0>]
[debug] 2010-01-29T16:39:54.16019Z Fun = [#Fun<test1.3.59133159>] Data = [12] Transformed Data = [36]
[debug] 2010-01-29T16:39:54.16642Z in_mem_bucket (put_stream) Received=[33] Pid=[<0.552.0>]
[debug] 2010-01-29T16:39:54.17064Z Fun = [#Fun<test1.2.22749965>] Data = [2] Transformed Data = [6]
[debug] 2010-01-29T16:39:54.18182Z Fun = [#Fun<test1.2.22749965>] Data = [3] Transformed Data = [9]
[debug] 2010-01-29T16:39:54.18501Z Fun = [#Fun<test1.3.59133159>] Data = [13] Transformed Data = [39]
[debug] 2010-01-29T16:39:54.19279Z in_mem_bucket (put_stream) Received=[3] Pid=[<0.552.0>]
[debug] 2010-01-29T16:39:54.19888Z in_mem_bucket (put_stream) Received=[6] Pid=[<0.551.0>]
[debug] 2010-01-29T16:39:54.20130Z Fun = [#Fun<test1.2.22749965>] Data = [4] Transformed Data = [12]
[debug] 2010-01-29T16:39:54.20382Z Fun = [#Fun<test1.3.59133159>] Data = [14] Transformed Data = [42]
[debug] 2010-01-29T16:39:54.20995Z in_mem_bucket (put_stream) Received=[9] Pid=[<0.552.0>]
[debug] 2010-01-29T16:39:54.21571Z in_mem_bucket (put_stream) Received=[36] Pid=[<0.551.0>]
[debug] 2010-01-29T16:39:54.21869Z Fun = [#Fun<test1.2.22749965>] Data = [5] Transformed Data = [15]
[debug] 2010-01-29T16:39:54.22121Z Fun = [#Fun<test1.3.59133159>] Data = [15] Transformed Data = [45]
[debug] 2010-01-29T16:39:54.22626Z in_mem_bucket (put_stream) Received=[39] Pid=[<0.552.0>]
[debug] 2010-01-29T16:39:54.23149Z in_mem_bucket (put_stream) Received=[12] Pid=[<0.551.0>]
[debug] 2010-01-29T16:39:54.23366Z Fun = [#Fun<test1.2.22749965>] Data = [6] Transformed Data = [18]
[debug] 2010-01-29T16:39:54.23599Z Fun = [#Fun<test1.3.59133159>] Data = [16] Transformed Data = [48]
[debug] 2010-01-29T16:39:54.24141Z in_mem_bucket (put_stream) Received=[15] Pid=[<0.552.0>]
[debug] 2010-01-29T16:39:54.24652Z in_mem_bucket (put_stream) Received=[42] Pid=[<0.551.0>]
[debug] 2010-01-29T16:39:54.24984Z Fun = [#Fun<test1.2.22749965>] Data = [7] Transformed Data = [21]
[debug] 2010-01-29T16:39:54.25235Z Fun = [#Fun<test1.3.59133159>] Data = [17] Transformed Data = [51]
[debug] 2010-01-29T16:39:54.25652Z in_mem_bucket (put_stream) Received=[45] Pid=[<0.552.0>]
[debug] 2010-01-29T16:39:54.26094Z in_mem_bucket (put_stream) Received=[18] Pid=[<0.551.0>]
[debug] 2010-01-29T16:39:54.26285Z Fun = [#Fun<test1.2.22749965>] Data = [8] Transformed Data = [24]
[debug] 2010-01-29T16:39:54.26469Z Fun = [#Fun<test1.3.59133159>] Data = [18] Transformed Data = [54]
[debug] 2010-01-29T16:39:54.26930Z in_mem_bucket (put_stream) Received=[21] Pid=[<0.552.0>]
[debug] 2010-01-29T16:39:54.27207Z in_mem_bucket (put_stream) Received=[48] Pid=[<0.551.0>]
[debug] 2010-01-29T16:39:54.27391Z Fun = [#Fun<test1.2.22749965>] Data = [9] Transformed Data = [27]
[debug] 2010-01-29T16:39:54.27893Z Fun = [#Fun<test1.2.22749965>] Data = [10] Transformed Data = [30]
[debug] 2010-01-29T16:39:54.28229Z Fun = [#Fun<test1.3.59133159>] Data = [19] Transformed Data = [57]
[debug] 2010-01-29T16:39:54.28535Z in_mem_bucket (put_stream) Received=[51] Pid=[<0.552.0>]
[debug] 2010-01-29T16:39:54.28935Z in_mem_bucket (put_stream) Received=[24] Pid=[<0.551.0>]
[info] 2010-01-29T16:39:54.29111Z Done Worker. Pid=[<0.559.0>]
[debug] 2010-01-29T16:39:54.29280Z Fun = [#Fun<test1.3.59133159>] Data = [20] Transformed Data = [60]
[debug] 2010-01-29T16:39:54.29460Z in_mem_bucket (put_stream) Received=[27] Pid=[<0.552.0>]
[debug] 2010-01-29T16:39:54.29878Z in_mem_bucket (put_stream) Received=[54] Pid=[<0.551.0>]
[info] 2010-01-29T16:39:54.30093Z Done Worker. Pid=[<0.560.0>]
[debug] 2010-01-29T16:39:54.30256Z in_mem_bucket (put_stream) Received=[57] Pid=[<0.552.0>]
[debug] 2010-01-29T16:39:54.30445Z in_mem_bucket (put_stream) Received=[30] Pid=[<0.551.0>]
[info] 2010-01-29T16:39:54.30629Z Done Worker Head. Pid=[<0.555.0>]
[debug] 2010-01-29T16:39:54.30791Z in_mem_bucket (put_stream) Received=[60] Pid=[<0.551.0>]
[debug] 2010-01-29T16:39:54.30976Z Data=[[33,3,9,39,15,45,21,51,27,57]] from BUCKET=[<0.552.0>]
[debug] 2010-01-29T16:39:54.31158Z Data=[[0,6,36,12,42,18,48,24,54,30,60]] from BUCKET=[<0.551.0>]
[debug] 2010-01-29T16:39:54.31330Z in_mem_bucket (put_bulk) Received=[[34,4,10,40,16,46,22,52,28,58]] Pid=[<0.552.0>]
[info] 2010-01-29T16:39:54.31514Z Done Op Trf. Pid=[<0.566.0>]
[debug] 2010-01-29T16:39:54.31699Z in_mem_bucket (put_bulk) Received=[[1,7,37,13,43,19,49,25,55,31,61]] Pid=[<0.551.0>]
[info] 2010-01-29T16:39:54.31896Z Done Op Trf. Pid=[<0.565.0>]
[info] 2010-01-29T16:39:54.32106Z Done Output Transformer Head. Pid=[<0.561.0>]
[debug] 2010-01-29T16:39:54.32354Z Data=[[61,31,55,25,49,19,43,13,37,7,1]] from BUCKET=[<0.551.0>]
[debug] 2010-01-29T16:39:54.32543Z Data=[[58,28,52,22,46,16,40,10,4,34]] from BUCKET=[<0.552.0>]
[debug] 2010-01-29T16:39:54.32729Z in_mem_bucket (put_bulk) Received=[[63,33,57,27,51,21,45,15,39,9,3]] Pid=[<0.551.0>]
[info] 2010-01-29T16:39:54.33013Z Done Op Trf. Pid=[<0.571.0>]
[debug] 2010-01-29T16:39:54.33182Z in_mem_bucket (put_bulk) Received=[[60,30,54,24,48,18,42,12,6,36]] Pid=[<0.552.0>]
[info] 2010-01-29T16:39:54.33357Z Done Op Trf. Pid=[<0.572.0>]
[info] 2010-01-29T16:39:54.33562Z Done Output Transformer Head. Pid=[<0.567.0>]
[info] 2010-01-29T16:39:54.33807Z Done Sender Pid=[<0.577.0>]
[info] 2010-01-29T16:39:54.34183Z Done Sender Pid=[<0.578.0>]
[info] 2010-01-29T16:39:54.34393Z Done Sender Head. Pid=[<0.573.0>]
[info] 2010-01-29T16:39:54.34582Z Done ErlDhoC Worker. Pid=[<0.554.0>]
2010-01-29 22:10:16.78401 [info] Validation Successful Args=[test1 | [#Fun<test1.2.22749965>,#Fun<test1.3.59133159>] | worker | sprayer | [opTrf1,opTrf2] | [<0.593.0>,<0.594.0>] | {in_memory,bulk,2}]
2010-01-29 22:10:16.79855 [debug] Fun = [#Fun<test1.2.22749965>] Data = [0] Transformed Data = [0]
2010-01-29 22:10:16.80138 [debug] Fun = [#Fun<test1.3.59133159>] Data = [11] Transformed Data = [33]
2010-01-29 22:10:16.80786 [debug] Fun = [#Fun<test1.2.22749965>] Data = [1] Transformed Data = [3]
2010-01-29 22:10:16.81298 [debug] in_mem_bucket (put_stream) Received=[0] Pid=[<0.597.0>]
2010-01-29 22:10:16.82021 [debug] Fun = [#Fun<test1.3.59133159>] Data = [12] Transformed Data = [36]
2010-01-29 22:10:16.82331 [debug] in_mem_bucket (put_stream) Received=[33] Pid=[<0.598.0>]
2010-01-29 22:10:16.82994 [debug] Fun = [#Fun<test1.2.22749965>] Data = [2] Transformed Data = [6]
2010-01-29 22:10:16.83253 [debug] Fun = [#Fun<test1.3.59133159>] Data = [13] Transformed Data = [39]
2010-01-29 22:10:16.83917 [debug] in_mem_bucket (put_stream) Received=[36] Pid=[<0.597.0>]
2010-01-29 22:10:16.84698 [debug] in_mem_bucket (put_stream) Received=[3] Pid=[<0.598.0>]
2010-01-29 22:10:16.84972 [debug] Fun = [#Fun<test1.2.22749965>] Data = [3] Transformed Data = [9]
2010-01-29 22:10:16.85265 [debug] Fun = [#Fun<test1.3.59133159>] Data = [14] Transformed Data = [42]
2010-01-29 22:10:16.85511 [debug] in_mem_bucket (put_stream) Received=[6] Pid=[<0.597.0>]
2010-01-29 22:10:16.86405 [debug] in_mem_bucket (put_stream) Received=[39] Pid=[<0.598.0>]
2010-01-29 22:10:16.86638 [debug] Fun = [#Fun<test1.2.22749965>] Data = [4] Transformed Data = [12]
2010-01-29 22:10:16.86933 [debug] Fun = [#Fun<test1.3.59133159>] Data = [15] Transformed Data = [45]
2010-01-29 22:10:16.87460 [debug] in_mem_bucket (put_stream) Received=[42] Pid=[<0.597.0>]
2010-01-29 22:10:16.88064 [debug] in_mem_bucket (put_stream) Received=[9] Pid=[<0.598.0>]
2010-01-29 22:10:16.88281 [debug] Fun = [#Fun<test1.2.22749965>] Data = [5] Transformed Data = [15]
2010-01-29 22:10:16.88488 [debug] Fun = [#Fun<test1.3.59133159>] Data = [16] Transformed Data = [48]
2010-01-29 22:10:16.89049 [debug] in_mem_bucket (put_stream) Received=[12] Pid=[<0.597.0>]
2010-01-29 22:10:16.89491 [debug] in_mem_bucket (put_stream) Received=[45] Pid=[<0.598.0>]
2010-01-29 22:10:16.89781 [debug] Fun = [#Fun<test1.2.22749965>] Data = [6] Transformed Data = [18]
2010-01-29 22:10:16.90032 [debug] Fun = [#Fun<test1.3.59133159>] Data = [17] Transformed Data = [51]
2010-01-29 22:10:16.90530 [debug] in_mem_bucket (put_stream) Received=[48] Pid=[<0.597.0>]
2010-01-29 22:10:16.90827 [debug] in_mem_bucket (put_stream) Received=[15] Pid=[<0.598.0>]
2010-01-29 22:10:16.91054 [debug] Fun = [#Fun<test1.2.22749965>] Data = [7] Transformed Data = [21]
2010-01-29 22:10:16.91276 [debug] Fun = [#Fun<test1.3.59133159>] Data = [18] Transformed Data = [54]
2010-01-29 22:10:16.91570 [debug] in_mem_bucket (put_stream) Received=[18] Pid=[<0.597.0>]
2010-01-29 22:10:16.91861 [debug] in_mem_bucket (put_stream) Received=[51] Pid=[<0.598.0>]
2010-01-29 22:10:16.92055 [debug] Fun = [#Fun<test1.2.22749965>] Data = [8] Transformed Data = [24]
2010-01-29 22:10:16.92264 [debug] Fun = [#Fun<test1.3.59133159>] Data = [19] Transformed Data = [57]
2010-01-29 22:10:16.92693 [debug] in_mem_bucket (put_stream) Received=[54] Pid=[<0.597.0>]
2010-01-29 22:10:16.92994 [debug] in_mem_bucket (put_stream) Received=[21] Pid=[<0.598.0>]
2010-01-29 22:10:16.93155 [debug] Fun = [#Fun<test1.2.22749965>] Data = [9] Transformed Data = [27]
2010-01-29 22:10:16.93322 [debug] Fun = [#Fun<test1.3.59133159>] Data = [20] Transformed Data = [60]
2010-01-29 22:10:16.93580 [debug] in_mem_bucket (put_stream) Received=[24] Pid=[<0.597.0>]
2010-01-29 22:10:16.93820 [debug] in_mem_bucket (put_stream) Received=[57] Pid=[<0.598.0>]
2010-01-29 22:10:16.93978 [debug] Fun = [#Fun<test1.2.22749965>] Data = [10] Transformed Data = [30]
2010-01-29 22:10:16.94145 [info] Done Worker. Pid=[<0.606.0>]
2010-01-29 22:10:16.94294 [debug] in_mem_bucket (put_stream) Received=[60] Pid=[<0.597.0>]
2010-01-29 22:10:16.94547 [debug] in_mem_bucket (put_stream) Received=[27] Pid=[<0.598.0>]
2010-01-29 22:10:16.94713 [info] Done Worker. Pid=[<0.604.0>]
2010-01-29 22:10:16.94867 [debug] in_mem_bucket (put_stream) Received=[30] Pid=[<0.597.0>]
2010-01-29 22:10:16.95017 [info] Done Worker Head. Pid=[<0.600.0>]
2010-01-29 22:10:16.95248 [debug] Data=[[0,36,6,42,12,48,18,54,24,60,30]] from BUCKET=[<0.597.0>]
2010-01-29 22:10:16.95436 [debug] Data=[[33,3,39,9,45,15,51,21,57,27]] from BUCKET=[<0.598.0>]
2010-01-29 22:10:16.95594 [debug] in_mem_bucket (put_bulk) Received=[[1,37,7,43,13,49,19,55,25,61,31]] Pid=[<0.597.0>]
2010-01-29 22:10:16.95796 [info] Done Op Trf. Pid=[<0.611.0>]
2010-01-29 22:10:16.95941 [debug] in_mem_bucket (put_bulk) Received=[[34,4,40,10,46,16,52,22,58,28]] Pid=[<0.598.0>]
2010-01-29 22:10:16.96138 [info] Done Op Trf. Pid=[<0.612.0>]
2010-01-29 22:10:16.96307 [info] Done Output Transformer Head. Pid=[<0.607.0>]
2010-01-29 22:10:16.96540 [debug] Data=[[31,61,25,55,19,49,13,43,7,37,1]] from BUCKET=[<0.597.0>]
2010-01-29 22:10:16.96705 [debug] Data=[[28,58,22,52,16,46,10,40,4,34]] from BUCKET=[<0.598.0>]
2010-01-29 22:10:16.96857 [debug] in_mem_bucket (put_bulk) Received=[[33,63,27,57,21,51,15,45,9,39,3]] Pid=[<0.597.0>]
2010-01-29 22:10:16.97027 [info] Done Op Trf. Pid=[<0.617.0>]
2010-01-29 22:10:16.97177 [debug] in_mem_bucket (put_bulk) Received=[[30,60,24,54,18,48,12,42,6,36]] Pid=[<0.598.0>]
2010-01-29 22:10:16.97335 [info] Done Op Trf. Pid=[<0.618.0>]
2010-01-29 22:10:16.97528 [info] Done Output Transformer Head. Pid=[<0.613.0>]
2010-01-29 22:10:16.97789 [info] Done Sender Pid=[<0.623.0>]
2010-01-29 22:10:16.98192 [info] Done Sender Pid=[<0.624.0>]
2010-01-29 22:10:16.98605 [info] Done Sender Head. Pid=[<0.619.0>]
2010-01-29 22:10:16.98783 [info] Done ErlDhoC Worker. Pid=[<0.599.0>]
2010-01-30 13:36:41.509817 [info] Validation Successful Args=[test1 | [#Fun<test1.2.22749965>,#Fun<test1.3.59133159>] | worker | sprayer | [opTrf1,opTrf2] | [<0.633.0>,<0.634.0>] | {in_memory,bulk,2}]
2010-01-30 13:36:41.511074 [debug] Fun = [#Fun<test1.2.22749965>] Data = [0] Transformed Data = [0]
2010-01-30 13:36:41.511463 [debug] Fun = [#Fun<test1.3.59133159>] Data = [11] Transformed Data = [33]
2010-01-30 13:36:41.511793 [debug] Fun = [#Fun<test1.2.22749965>] Data = [1] Transformed Data = [3]
2010-01-30 13:36:41.512402 [debug] in_mem_bucket (put_stream) Received=[0] Pid=[<0.637.0>]
2010-01-30 13:36:41.513456 [debug] Fun = [#Fun<test1.3.59133159>] Data = [12] Transformed Data = [36]
2010-01-30 13:36:41.513732 [debug] in_mem_bucket (put_stream) Received=[33] Pid=[<0.638.0>]
2010-01-30 13:36:41.514364 [debug] Fun = [#Fun<test1.2.22749965>] Data = [2] Transformed Data = [6]
2010-01-30 13:36:41.514628 [debug] Fun = [#Fun<test1.3.59133159>] Data = [13] Transformed Data = [39]
2010-01-30 13:36:41.515027 [debug] in_mem_bucket (put_stream) Received=[36] Pid=[<0.637.0>]
2010-01-30 13:36:41.515404 [debug] in_mem_bucket (put_stream) Received=[3] Pid=[<0.638.0>]
2010-01-30 13:36:41.515760 [debug] Fun = [#Fun<test1.2.22749965>] Data = [3] Transformed Data = [9]
2010-01-30 13:36:41.516019 [debug] Fun = [#Fun<test1.3.59133159>] Data = [14] Transformed Data = [42]
2010-01-30 13:36:41.516406 [debug] in_mem_bucket (put_stream) Received=[6] Pid=[<0.637.0>]
2010-01-30 13:36:41.516797 [debug] in_mem_bucket (put_stream) Received=[39] Pid=[<0.638.0>]
2010-01-30 13:36:41.517024 [debug] Fun = [#Fun<test1.2.22749965>] Data = [4] Transformed Data = [12]
2010-01-30 13:36:41.517249 [debug] Fun = [#Fun<test1.3.59133159>] Data = [15] Transformed Data = [45]
2010-01-30 13:36:41.517586 [debug] in_mem_bucket (put_stream) Received=[42] Pid=[<0.637.0>]
2010-01-30 13:36:41.518109 [debug] in_mem_bucket (put_stream) Received=[9] Pid=[<0.638.0>]
2010-01-30 13:36:41.518349 [debug] Fun = [#Fun<test1.2.22749965>] Data = [5] Transformed Data = [15]
2010-01-30 13:36:41.518591 [debug] Fun = [#Fun<test1.3.59133159>] Data = [16] Transformed Data = [48]
2010-01-30 13:36:41.518932 [debug] in_mem_bucket (put_stream) Received=[12] Pid=[<0.637.0>]
2010-01-30 13:36:41.519229 [debug] in_mem_bucket (put_stream) Received=[45] Pid=[<0.638.0>]
2010-01-30 13:36:41.519412 [debug] Fun = [#Fun<test1.2.22749965>] Data = [6] Transformed Data = [18]
2010-01-30 13:36:41.519613 [debug] Fun = [#Fun<test1.3.59133159>] Data = [17] Transformed Data = [51]
2010-01-30 13:36:41.519890 [debug] in_mem_bucket (put_stream) Received=[48] Pid=[<0.637.0>]
2010-01-30 13:36:41.520145 [debug] in_mem_bucket (put_stream) Received=[15] Pid=[<0.638.0>]
2010-01-30 13:36:41.520533 [debug] Fun = [#Fun<test1.2.22749965>] Data = [7] Transformed Data = [21]
2010-01-30 13:36:41.520746 [debug] in_mem_bucket (put_stream) Received=[18] Pid=[<0.637.0>]
2010-01-30 13:36:41.521074 [debug] Fun = [#Fun<test1.3.59133159>] Data = [18] Transformed Data = [54]
2010-01-30 13:36:41.521266 [debug] in_mem_bucket (put_stream) Received=[51] Pid=[<0.638.0>]
2010-01-30 13:36:41.521650 [debug] Fun = [#Fun<test1.2.22749965>] Data = [8] Transformed Data = [24]
2010-01-30 13:36:41.521866 [debug] Fun = [#Fun<test1.3.59133159>] Data = [19] Transformed Data = [57]
2010-01-30 13:36:41.522109 [debug] in_mem_bucket (put_stream) Received=[54] Pid=[<0.637.0>]
2010-01-30 13:36:41.522378 [debug] in_mem_bucket (put_stream) Received=[21] Pid=[<0.638.0>]
2010-01-30 13:36:41.522858 [debug] Fun = [#Fun<test1.2.22749965>] Data = [9] Transformed Data = [27]
2010-01-30 13:36:41.523058 [debug] Fun = [#Fun<test1.3.59133159>] Data = [20] Transformed Data = [60]
2010-01-30 13:36:41.523825 [debug] in_mem_bucket (put_stream) Received=[24] Pid=[<0.637.0>]
2010-01-30 13:36:41.524070 [debug] in_mem_bucket (put_stream) Received=[57] Pid=[<0.638.0>]
2010-01-30 13:36:41.524237 [debug] Fun = [#Fun<test1.2.22749965>] Data = [10] Transformed Data = [30]
2010-01-30 13:36:41.524410 [info] Done Worker. Pid=[<0.646.0>]
2010-01-30 13:36:41.524655 [debug] in_mem_bucket (put_stream) Received=[60] Pid=[<0.637.0>]
2010-01-30 13:36:41.524798 [debug] in_mem_bucket (put_stream) Received=[27] Pid=[<0.638.0>]
2010-01-30 13:36:41.524961 [info] Done Worker. Pid=[<0.645.0>]
2010-01-30 13:36:41.525104 [debug] in_mem_bucket (put_stream) Received=[30] Pid=[<0.637.0>]
2010-01-30 13:36:41.525266 [info] Done Worker Head. Pid=[<0.640.0>]
2010-01-30 13:36:41.525495 [debug] Data=[[0,36,6,42,12,48,18,54,24,60,30]] from BUCKET=[<0.637.0>]
2010-01-30 13:36:41.525651 [debug] Data=[[33,3,39,9,45,15,51,21,57,27]] from BUCKET=[<0.638.0>]
2010-01-30 13:36:41.525829 [debug] in_mem_bucket (put_bulk) Received=[[1,37,7,43,13,49,19,55,25,61,31]] Pid=[<0.637.0>]
2010-01-30 13:36:41.525995 [info] Done Op Trf. Pid=[<0.651.0>]
2010-01-30 13:36:41.526146 [debug] in_mem_bucket (put_bulk) Received=[[34,4,40,10,46,16,52,22,58,28]] Pid=[<0.638.0>]
2010-01-30 13:36:41.526303 [info] Done Op Trf. Pid=[<0.652.0>]
2010-01-30 13:36:41.526478 [info] Done Output Transformer Head. Pid=[<0.647.0>]
2010-01-30 13:36:41.526706 [debug] Data=[[31,61,25,55,19,49,13,43,7,37,1]] from BUCKET=[<0.637.0>]
2010-01-30 13:36:41.526865 [debug] Data=[[28,58,22,52,16,46,10,40,4,34]] from BUCKET=[<0.638.0>]
2010-01-30 13:36:41.527025 [debug] in_mem_bucket (put_bulk) Received=[[33,63,27,57,21,51,15,45,9,39,3]] Pid=[<0.637.0>]
2010-01-30 13:36:41.527205 [info] Done Op Trf. Pid=[<0.657.0>]
2010-01-30 13:36:41.527390 [debug] in_mem_bucket (put_bulk) Received=[[30,60,24,54,18,48,12,42,6,36]] Pid=[<0.638.0>]
2010-01-30 13:36:41.527573 [info] Done Op Trf. Pid=[<0.658.0>]
2010-01-30 13:36:41.527744 [info] Done Output Transformer Head. Pid=[<0.653.0>]
2010-01-30 13:36:41.528001 [info] Done Sender Pid=[<0.663.0>]
2010-01-30 13:36:41.528640 [info] Done Sender Pid=[<0.664.0>]
2010-01-30 13:36:41.528834 [info] Done Sender Head. Pid=[<0.659.0>]
2010-01-30 13:36:41.528996 [info] Done ErlDhoC Worker. Pid=[<0.639.0>]
2010-01-30 13:36:41.529194 [info] in_mem_bucket stopping!
2010-01-30 13:36:41.529486 [info] in_mem_bucket stopping!
